{"D:\\hackathon\\eyeota-coding-project-ui\\app\\component\\PaginationControl.jsx": {"path":"D:\\hackathon\\eyeota-coding-project-ui\\app\\component\\PaginationControl.jsx","statementMap":{"0":{"start":{"line":5,"column":2},"end":{"line":39,"column":4}},"1":{"start":{"line":8,"column":61},"end":{"line":8,"column":106}},"2":{"start":{"line":18,"column":25},"end":{"line":18,"column":70}},"3":{"start":{"line":23,"column":60},"end":{"line":23,"column":105}},"4":{"start":{"line":34,"column":89},"end":{"line":34,"column":134}}},"fnMap":{"0":{"name":"(anonymous_0)","decl":{"start":{"line":4,"column":1},"end":{"line":4,"column":2}},"loc":{"start":{"line":4,"column":10},"end":{"line":40,"column":2}},"line":4},"1":{"name":"(anonymous_1)","decl":{"start":{"line":8,"column":55},"end":{"line":8,"column":56}},"loc":{"start":{"line":8,"column":61},"end":{"line":8,"column":106}},"line":8},"2":{"name":"(anonymous_2)","decl":{"start":{"line":18,"column":17},"end":{"line":18,"column":18}},"loc":{"start":{"line":18,"column":25},"end":{"line":18,"column":70}},"line":18},"3":{"name":"(anonymous_3)","decl":{"start":{"line":23,"column":52},"end":{"line":23,"column":53}},"loc":{"start":{"line":23,"column":60},"end":{"line":23,"column":105}},"line":23},"4":{"name":"(anonymous_4)","decl":{"start":{"line":34,"column":83},"end":{"line":34,"column":84}},"loc":{"start":{"line":34,"column":89},"end":{"line":34,"column":134}},"line":34}},"branchMap":{},"s":{"0":8,"1":1,"2":1,"3":1,"4":1},"f":{"0":8,"1":1,"2":1,"3":1,"4":1},"b":{},"_coverageSchema":"332fd63041d2c1bcb487cc26dd0d5f7d97098a6c","hash":"49e4faf880a74b6a44805a0632c84a3d3b850b8d"}
,"D:\\hackathon\\eyeota-coding-project-ui\\app\\component\\SortableTable.jsx": {"path":"D:\\hackathon\\eyeota-coding-project-ui\\app\\component\\SortableTable.jsx","statementMap":{"0":{"start":{"line":8,"column":2},"end":{"line":8,"column":15}},"1":{"start":{"line":9,"column":2},"end":{"line":18,"column":4}},"2":{"start":{"line":19,"column":2},"end":{"line":19,"column":53}},"3":{"start":{"line":20,"column":2},"end":{"line":20,"column":53}},"4":{"start":{"line":21,"column":2},"end":{"line":21,"column":61}},"5":{"start":{"line":25,"column":2},"end":{"line":34,"column":5}},"6":{"start":{"line":26,"column":3},"end":{"line":26,"column":60}},"7":{"start":{"line":27,"column":3},"end":{"line":33,"column":5}},"8":{"start":{"line":38,"column":2},"end":{"line":51,"column":5}},"9":{"start":{"line":39,"column":19},"end":{"line":39,"column":75}},"10":{"start":{"line":40,"column":3},"end":{"line":44,"column":4}},"11":{"start":{"line":41,"column":4},"end":{"line":41,"column":13}},"12":{"start":{"line":42,"column":10},"end":{"line":44,"column":4}},"13":{"start":{"line":43,"column":4},"end":{"line":43,"column":23}},"14":{"start":{"line":45,"column":3},"end":{"line":47,"column":4}},"15":{"start":{"line":46,"column":4},"end":{"line":46,"column":94}},"16":{"start":{"line":48,"column":3},"end":{"line":50,"column":5}},"17":{"start":{"line":55,"column":2},"end":{"line":61,"column":5}},"18":{"start":{"line":56,"column":3},"end":{"line":56,"column":80}},"19":{"start":{"line":57,"column":3},"end":{"line":60,"column":5}},"20":{"start":{"line":65,"column":2},"end":{"line":67,"column":3}},"21":{"start":{"line":66,"column":3},"end":{"line":66,"column":32}},"22":{"start":{"line":68,"column":2},"end":{"line":68,"column":47}},"23":{"start":{"line":69,"column":17},"end":{"line":69,"column":44}},"24":{"start":{"line":71,"column":2},"end":{"line":84,"column":6}},"25":{"start":{"line":73,"column":4},"end":{"line":73,"column":27}},"26":{"start":{"line":76,"column":4},"end":{"line":78,"column":7}},"27":{"start":{"line":81,"column":4},"end":{"line":83,"column":5}},"28":{"start":{"line":82,"column":5},"end":{"line":82,"column":12}},"29":{"start":{"line":88,"column":2},"end":{"line":96,"column":6}},"30":{"start":{"line":90,"column":4},"end":{"line":90,"column":27}},"31":{"start":{"line":93,"column":4},"end":{"line":95,"column":7}},"32":{"start":{"line":98,"column":2},"end":{"line":98,"column":19}},"33":{"start":{"line":102,"column":2},"end":{"line":127,"column":4}}},"fnMap":{"0":{"name":"(anonymous_0)","decl":{"start":{"line":7,"column":1},"end":{"line":7,"column":2}},"loc":{"start":{"line":7,"column":20},"end":{"line":22,"column":2}},"line":7},"1":{"name":"(anonymous_1)","decl":{"start":{"line":24,"column":1},"end":{"line":24,"column":2}},"loc":{"start":{"line":24,"column":34},"end":{"line":35,"column":2}},"line":24},"2":{"name":"(anonymous_2)","decl":{"start":{"line":25,"column":16},"end":{"line":25,"column":17}},"loc":{"start":{"line":25,"column":38},"end":{"line":34,"column":3}},"line":25},"3":{"name":"(anonymous_3)","decl":{"start":{"line":37,"column":1},"end":{"line":37,"column":2}},"loc":{"start":{"line":37,"column":21},"end":{"line":52,"column":2}},"line":37},"4":{"name":"(anonymous_4)","decl":{"start":{"line":38,"column":16},"end":{"line":38,"column":17}},"loc":{"start":{"line":38,"column":38},"end":{"line":51,"column":3}},"line":38},"5":{"name":"(anonymous_5)","decl":{"start":{"line":54,"column":1},"end":{"line":54,"column":2}},"loc":{"start":{"line":54,"column":29},"end":{"line":62,"column":2}},"line":54},"6":{"name":"(anonymous_6)","decl":{"start":{"line":55,"column":16},"end":{"line":55,"column":17}},"loc":{"start":{"line":55,"column":38},"end":{"line":61,"column":3}},"line":55},"7":{"name":"(anonymous_7)","decl":{"start":{"line":64,"column":1},"end":{"line":64,"column":2}},"loc":{"start":{"line":64,"column":139},"end":{"line":85,"column":2}},"line":64},"8":{"name":"(anonymous_8)","decl":{"start":{"line":72,"column":9},"end":{"line":72,"column":10}},"loc":{"start":{"line":72,"column":23},"end":{"line":74,"column":4}},"line":72},"9":{"name":"(anonymous_9)","decl":{"start":{"line":75,"column":9},"end":{"line":75,"column":10}},"loc":{"start":{"line":75,"column":19},"end":{"line":79,"column":4}},"line":75},"10":{"name":"(anonymous_10)","decl":{"start":{"line":80,"column":10},"end":{"line":80,"column":11}},"loc":{"start":{"line":80,"column":19},"end":{"line":84,"column":4}},"line":80},"11":{"name":"(anonymous_11)","decl":{"start":{"line":87,"column":1},"end":{"line":87,"column":2}},"loc":{"start":{"line":87,"column":22},"end":{"line":99,"column":2}},"line":87},"12":{"name":"(anonymous_12)","decl":{"start":{"line":89,"column":9},"end":{"line":89,"column":10}},"loc":{"start":{"line":89,"column":23},"end":{"line":91,"column":4}},"line":89},"13":{"name":"(anonymous_13)","decl":{"start":{"line":92,"column":9},"end":{"line":92,"column":10}},"loc":{"start":{"line":92,"column":19},"end":{"line":96,"column":4}},"line":92},"14":{"name":"(anonymous_14)","decl":{"start":{"line":101,"column":1},"end":{"line":101,"column":2}},"loc":{"start":{"line":101,"column":10},"end":{"line":128,"column":2}},"line":101}},"branchMap":{"0":{"loc":{"start":{"line":10,"column":9},"end":{"line":13,"column":4}},"type":"binary-expr","locations":[{"start":{"line":10,"column":9},"end":{"line":10,"column":31}},{"start":{"line":10,"column":35},"end":{"line":13,"column":4}}],"line":10},"1":{"loc":{"start":{"line":11,"column":12},"end":{"line":11,"column":103}},"type":"cond-expr","locations":[{"start":{"line":11,"column":68},"end":{"line":11,"column":98}},{"start":{"line":11,"column":101},"end":{"line":11,"column":103}}],"line":11},"2":{"loc":{"start":{"line":11,"column":12},"end":{"line":11,"column":65}},"type":"binary-expr","locations":[{"start":{"line":11,"column":12},"end":{"line":11,"column":33}},{"start":{"line":11,"column":37},"end":{"line":11,"column":65}}],"line":11},"3":{"loc":{"start":{"line":15,"column":13},"end":{"line":15,"column":38}},"type":"binary-expr","locations":[{"start":{"line":15,"column":13},"end":{"line":15,"column":32}},{"start":{"line":15,"column":36},"end":{"line":15,"column":38}}],"line":15},"4":{"loc":{"start":{"line":29,"column":13},"end":{"line":29,"column":36}},"type":"cond-expr","locations":[{"start":{"line":29,"column":25},"end":{"line":29,"column":31}},{"start":{"line":29,"column":34},"end":{"line":29,"column":36}}],"line":29},"5":{"loc":{"start":{"line":40,"column":3},"end":{"line":44,"column":4}},"type":"if","locations":[{"start":{"line":40,"column":3},"end":{"line":44,"column":4}},{"start":{"line":40,"column":3},"end":{"line":44,"column":4}}],"line":40},"6":{"loc":{"start":{"line":42,"column":10},"end":{"line":44,"column":4}},"type":"if","locations":[{"start":{"line":42,"column":10},"end":{"line":44,"column":4}},{"start":{"line":42,"column":10},"end":{"line":44,"column":4}}],"line":42},"7":{"loc":{"start":{"line":45,"column":3},"end":{"line":47,"column":4}},"type":"if","locations":[{"start":{"line":45,"column":3},"end":{"line":47,"column":4}},{"start":{"line":45,"column":3},"end":{"line":47,"column":4}}],"line":45},"8":{"loc":{"start":{"line":64,"column":11},"end":{"line":64,"column":42}},"type":"default-arg","locations":[{"start":{"line":64,"column":20},"end":{"line":64,"column":42}}],"line":64},"9":{"loc":{"start":{"line":64,"column":44},"end":{"line":64,"column":81}},"type":"default-arg","locations":[{"start":{"line":64,"column":56},"end":{"line":64,"column":81}}],"line":64},"10":{"loc":{"start":{"line":64,"column":83},"end":{"line":64,"column":105}},"type":"default-arg","locations":[{"start":{"line":64,"column":90},"end":{"line":64,"column":105}}],"line":64},"11":{"loc":{"start":{"line":64,"column":107},"end":{"line":64,"column":137}},"type":"default-arg","locations":[{"start":{"line":64,"column":118},"end":{"line":64,"column":137}}],"line":64},"12":{"loc":{"start":{"line":65,"column":2},"end":{"line":67,"column":3}},"type":"if","locations":[{"start":{"line":65,"column":2},"end":{"line":67,"column":3}},{"start":{"line":65,"column":2},"end":{"line":67,"column":3}}],"line":65},"13":{"loc":{"start":{"line":81,"column":4},"end":{"line":83,"column":5}},"type":"if","locations":[{"start":{"line":81,"column":4},"end":{"line":83,"column":5}},{"start":{"line":81,"column":4},"end":{"line":83,"column":5}}],"line":81}},"s":{"0":4,"1":4,"2":4,"3":4,"4":4,"5":1,"6":1,"7":1,"8":1,"9":1,"10":1,"11":0,"12":1,"13":1,"14":1,"15":1,"16":1,"17":2,"18":2,"19":2,"20":8,"21":4,"22":8,"23":8,"24":8,"25":8,"26":7,"27":1,"28":0,"29":4,"30":4,"31":4,"32":4,"33":19},"f":{"0":4,"1":1,"2":1,"3":1,"4":1,"5":2,"6":2,"7":8,"8":8,"9":7,"10":1,"11":4,"12":4,"13":4,"14":19},"b":{"0":[4,0],"1":[0,0],"2":[0,0],"3":[4,4],"4":[1,0],"5":[0,1],"6":[1,0],"7":[1,0],"8":[4],"9":[4],"10":[4],"11":[4],"12":[4,4],"13":[0,1]},"_coverageSchema":"332fd63041d2c1bcb487cc26dd0d5f7d97098a6c","hash":"8c44a8f0a57a47796a94375284a584543eeab735"}
,"D:\\hackathon\\eyeota-coding-project-ui\\app\\component\\Table.jsx": {"path":"D:\\hackathon\\eyeota-coding-project-ui\\app\\component\\Table.jsx","statementMap":{"0":{"start":{"line":7,"column":2},"end":{"line":19,"column":4}}},"fnMap":{"0":{"name":"(anonymous_0)","decl":{"start":{"line":6,"column":1},"end":{"line":6,"column":2}},"loc":{"start":{"line":6,"column":10},"end":{"line":20,"column":2}},"line":6}},"branchMap":{},"s":{"0":1},"f":{"0":1},"b":{},"_coverageSchema":"332fd63041d2c1bcb487cc26dd0d5f7d97098a6c","hash":"74c4d253d05b25af76cc640a273a5203cfbc1a6b"}
,"D:\\hackathon\\eyeota-coding-project-ui\\app\\component\\TableBody.jsx": {"path":"D:\\hackathon\\eyeota-coding-project-ui\\app\\component\\TableBody.jsx","statementMap":{"0":{"start":{"line":6,"column":2},"end":{"line":21,"column":4}},"1":{"start":{"line":10,"column":6},"end":{"line":17,"column":8}}},"fnMap":{"0":{"name":"(anonymous_0)","decl":{"start":{"line":5,"column":1},"end":{"line":5,"column":2}},"loc":{"start":{"line":5,"column":10},"end":{"line":22,"column":2}},"line":5},"1":{"name":"(anonymous_1)","decl":{"start":{"line":9,"column":25},"end":{"line":9,"column":26}},"loc":{"start":{"line":9,"column":43},"end":{"line":18,"column":6}},"line":9}},"branchMap":{},"s":{"0":1,"1":2},"f":{"0":1,"1":2},"b":{},"_coverageSchema":"332fd63041d2c1bcb487cc26dd0d5f7d97098a6c","hash":"0d6c57ba1493478a904b7249949b9cece7c9902a"}
,"D:\\hackathon\\eyeota-coding-project-ui\\app\\component\\TableCell.jsx": {"path":"D:\\hackathon\\eyeota-coding-project-ui\\app\\component\\TableCell.jsx","statementMap":{"0":{"start":{"line":5,"column":2},"end":{"line":17,"column":4}}},"fnMap":{"0":{"name":"(anonymous_0)","decl":{"start":{"line":4,"column":1},"end":{"line":4,"column":2}},"loc":{"start":{"line":4,"column":10},"end":{"line":18,"column":2}},"line":4}},"branchMap":{"0":{"loc":{"start":{"line":8,"column":5},"end":{"line":14,"column":53}},"type":"cond-expr","locations":[{"start":{"line":9,"column":7},"end":{"line":13,"column":7}},{"start":{"line":14,"column":7},"end":{"line":14,"column":53}}],"line":8}},"s":{"0":2},"f":{"0":2},"b":{"0":[1,1]},"_coverageSchema":"332fd63041d2c1bcb487cc26dd0d5f7d97098a6c","hash":"2efeacf900673c3f91c525a04b69eb4dfd6540ea"}
,"D:\\hackathon\\eyeota-coding-project-ui\\app\\component\\TableHeader.jsx": {"path":"D:\\hackathon\\eyeota-coding-project-ui\\app\\component\\TableHeader.jsx","statementMap":{"0":{"start":{"line":7,"column":2},"end":{"line":27,"column":4}},"1":{"start":{"line":12,"column":6},"end":{"line":14,"column":13}},"2":{"start":{"line":16,"column":6},"end":{"line":22,"column":8}}},"fnMap":{"0":{"name":"(anonymous_0)","decl":{"start":{"line":5,"column":1},"end":{"line":5,"column":2}},"loc":{"start":{"line":5,"column":10},"end":{"line":28,"column":2}},"line":5},"1":{"name":"(anonymous_1)","decl":{"start":{"line":11,"column":31},"end":{"line":11,"column":32}},"loc":{"start":{"line":11,"column":43},"end":{"line":23,"column":6}},"line":11}},"branchMap":{"0":{"loc":{"start":{"line":12,"column":19},"end":{"line":14,"column":12}},"type":"cond-expr","locations":[{"start":{"line":12,"column":107},"end":{"line":14,"column":7}},{"start":{"line":14,"column":10},"end":{"line":14,"column":12}}],"line":12},"1":{"loc":{"start":{"line":12,"column":19},"end":{"line":12,"column":104}},"type":"binary-expr","locations":[{"start":{"line":12,"column":19},"end":{"line":12,"column":42}},{"start":{"line":12,"column":46},"end":{"line":12,"column":61}},{"start":{"line":12,"column":65},"end":{"line":12,"column":104}}],"line":12}},"s":{"0":1,"1":2,"2":2},"f":{"0":1,"1":2},"b":{"0":[1,1],"1":[2,2,2]},"_coverageSchema":"332fd63041d2c1bcb487cc26dd0d5f7d97098a6c","hash":"55cdd680f22030d5dc796ad51cd8eba8e68dc962"}
,"D:\\hackathon\\eyeota-coding-project-ui\\app\\component\\TableHeaderCell.jsx": {"path":"D:\\hackathon\\eyeota-coding-project-ui\\app\\component\\TableHeaderCell.jsx","statementMap":{"0":{"start":{"line":5,"column":17},"end":{"line":5,"column":19}},"1":{"start":{"line":6,"column":17},"end":{"line":6,"column":21}},"2":{"start":{"line":7,"column":26},"end":{"line":7,"column":30}},"3":{"start":{"line":9,"column":2},"end":{"line":11,"column":3}},"4":{"start":{"line":10,"column":3},"end":{"line":10,"column":58}},"5":{"start":{"line":13,"column":2},"end":{"line":27,"column":3}},"6":{"start":{"line":14,"column":3},"end":{"line":16,"column":36}},"7":{"start":{"line":18,"column":3},"end":{"line":26,"column":4}},"8":{"start":{"line":19,"column":4},"end":{"line":25,"column":6}},"9":{"start":{"line":20,"column":27},"end":{"line":22,"column":57}},"10":{"start":{"line":24,"column":5},"end":{"line":24,"column":73}},"11":{"start":{"line":29,"column":2},"end":{"line":38,"column":4}}},"fnMap":{"0":{"name":"(anonymous_0)","decl":{"start":{"line":4,"column":1},"end":{"line":4,"column":2}},"loc":{"start":{"line":4,"column":10},"end":{"line":39,"column":2}},"line":4},"1":{"name":"(anonymous_1)","decl":{"start":{"line":19,"column":24},"end":{"line":19,"column":25}},"loc":{"start":{"line":19,"column":30},"end":{"line":25,"column":5}},"line":19}},"branchMap":{"0":{"loc":{"start":{"line":9,"column":2},"end":{"line":11,"column":3}},"type":"if","locations":[{"start":{"line":9,"column":2},"end":{"line":11,"column":3}},{"start":{"line":9,"column":2},"end":{"line":11,"column":3}}],"line":9},"1":{"loc":{"start":{"line":13,"column":2},"end":{"line":27,"column":3}},"type":"if","locations":[{"start":{"line":13,"column":2},"end":{"line":27,"column":3}},{"start":{"line":13,"column":2},"end":{"line":27,"column":3}}],"line":13},"2":{"loc":{"start":{"line":14,"column":14},"end":{"line":16,"column":35}},"type":"cond-expr","locations":[{"start":{"line":15,"column":5},"end":{"line":15,"column":109}},{"start":{"line":16,"column":4},"end":{"line":16,"column":35}}],"line":14},"3":{"loc":{"start":{"line":15,"column":5},"end":{"line":15,"column":109}},"type":"cond-expr","locations":[{"start":{"line":15,"column":43},"end":{"line":15,"column":74}},{"start":{"line":15,"column":77},"end":{"line":15,"column":109}}],"line":15},"4":{"loc":{"start":{"line":18,"column":3},"end":{"line":26,"column":4}},"type":"if","locations":[{"start":{"line":18,"column":3},"end":{"line":26,"column":4}},{"start":{"line":18,"column":3},"end":{"line":26,"column":4}}],"line":18},"5":{"loc":{"start":{"line":20,"column":27},"end":{"line":22,"column":57}},"type":"cond-expr","locations":[{"start":{"line":21,"column":6},"end":{"line":21,"column":12}},{"start":{"line":22,"column":7},"end":{"line":22,"column":56}}],"line":20},"6":{"loc":{"start":{"line":22,"column":7},"end":{"line":22,"column":56}},"type":"cond-expr","locations":[{"start":{"line":22,"column":46},"end":{"line":22,"column":48}},{"start":{"line":22,"column":51},"end":{"line":22,"column":56}}],"line":22}},"s":{"0":9,"1":9,"2":9,"3":9,"4":0,"5":9,"6":7,"7":7,"8":3,"9":3,"10":3,"11":9},"f":{"0":9,"1":3},"b":{"0":[0,9],"1":[7,2],"2":[4,3],"3":[2,2],"4":[3,4],"5":[1,2],"6":[1,1]},"_coverageSchema":"332fd63041d2c1bcb487cc26dd0d5f7d97098a6c","hash":"01bacbb5556c2b242f36e4edd14bafe7f1897fe5"}
,"D:\\hackathon\\eyeota-coding-project-ui\\app\\component\\TableRow.jsx": {"path":"D:\\hackathon\\eyeota-coding-project-ui\\app\\component\\TableRow.jsx","statementMap":{"0":{"start":{"line":6,"column":2},"end":{"line":20,"column":4}},"1":{"start":{"line":10,"column":6},"end":{"line":16,"column":8}}},"fnMap":{"0":{"name":"(anonymous_0)","decl":{"start":{"line":5,"column":1},"end":{"line":5,"column":2}},"loc":{"start":{"line":5,"column":10},"end":{"line":21,"column":2}},"line":5},"1":{"name":"(anonymous_1)","decl":{"start":{"line":9,"column":31},"end":{"line":9,"column":32}},"loc":{"start":{"line":9,"column":43},"end":{"line":17,"column":6}},"line":9}},"branchMap":{},"s":{"0":1,"1":2},"f":{"0":1,"1":2},"b":{},"_coverageSchema":"332fd63041d2c1bcb487cc26dd0d5f7d97098a6c","hash":"16e2549098d3818869d6a29563ce523944ee1560"}
}
