TN:
SF:D:\hackathon\eyeota-coding-project-ui\app\component\PaginationControl.jsx
FN:4,(anonymous_0)
FN:8,(anonymous_1)
FN:18,(anonymous_2)
FN:23,(anonymous_3)
FN:34,(anonymous_4)
FNF:5
FNH:5
FNDA:8,(anonymous_0)
FNDA:1,(anonymous_1)
FNDA:1,(anonymous_2)
FNDA:1,(anonymous_3)
FNDA:1,(anonymous_4)
DA:5,8
DA:8,1
DA:18,1
DA:23,1
DA:34,1
LF:5
LH:5
BRF:0
BRH:0
end_of_record
TN:
SF:D:\hackathon\eyeota-coding-project-ui\app\component\SortableTable.jsx
FN:7,(anonymous_0)
FN:24,(anonymous_1)
FN:25,(anonymous_2)
FN:37,(anonymous_3)
FN:38,(anonymous_4)
FN:54,(anonymous_5)
FN:55,(anonymous_6)
FN:64,(anonymous_7)
FN:72,(anonymous_8)
FN:75,(anonymous_9)
FN:80,(anonymous_10)
FN:87,(anonymous_11)
FN:89,(anonymous_12)
FN:92,(anonymous_13)
FN:101,(anonymous_14)
FNF:15
FNH:15
FNDA:4,(anonymous_0)
FNDA:1,(anonymous_1)
FNDA:1,(anonymous_2)
FNDA:1,(anonymous_3)
FNDA:1,(anonymous_4)
FNDA:2,(anonymous_5)
FNDA:2,(anonymous_6)
FNDA:8,(anonymous_7)
FNDA:8,(anonymous_8)
FNDA:7,(anonymous_9)
FNDA:1,(anonymous_10)
FNDA:4,(anonymous_11)
FNDA:4,(anonymous_12)
FNDA:4,(anonymous_13)
FNDA:19,(anonymous_14)
DA:8,4
DA:9,4
DA:19,4
DA:20,4
DA:21,4
DA:25,1
DA:26,1
DA:27,1
DA:38,1
DA:39,1
DA:40,1
DA:41,0
DA:42,1
DA:43,1
DA:45,1
DA:46,1
DA:48,1
DA:55,2
DA:56,2
DA:57,2
DA:65,8
DA:66,4
DA:68,8
DA:69,8
DA:71,8
DA:73,8
DA:76,7
DA:81,1
DA:82,0
DA:88,4
DA:90,4
DA:93,4
DA:98,4
DA:102,19
LF:34
LH:32
BRDA:10,0,0,4
BRDA:10,0,1,0
BRDA:11,1,0,0
BRDA:11,1,1,0
BRDA:11,2,0,0
BRDA:11,2,1,0
BRDA:15,3,0,4
BRDA:15,3,1,4
BRDA:29,4,0,1
BRDA:29,4,1,0
BRDA:40,5,0,0
BRDA:40,5,1,1
BRDA:42,6,0,1
BRDA:42,6,1,0
BRDA:45,7,0,1
BRDA:45,7,1,0
BRDA:64,8,0,4
BRDA:64,9,0,4
BRDA:64,10,0,4
BRDA:64,11,0,4
BRDA:65,12,0,4
BRDA:65,12,1,4
BRDA:81,13,0,0
BRDA:81,13,1,1
BRF:24
BRH:14
end_of_record
TN:
SF:D:\hackathon\eyeota-coding-project-ui\app\component\Table.jsx
FN:6,(anonymous_0)
FNF:1
FNH:1
FNDA:1,(anonymous_0)
DA:7,1
LF:1
LH:1
BRF:0
BRH:0
end_of_record
TN:
SF:D:\hackathon\eyeota-coding-project-ui\app\component\TableBody.jsx
FN:5,(anonymous_0)
FN:9,(anonymous_1)
FNF:2
FNH:2
FNDA:1,(anonymous_0)
FNDA:2,(anonymous_1)
DA:6,1
DA:10,2
LF:2
LH:2
BRF:0
BRH:0
end_of_record
TN:
SF:D:\hackathon\eyeota-coding-project-ui\app\component\TableCell.jsx
FN:4,(anonymous_0)
FNF:1
FNH:1
FNDA:2,(anonymous_0)
DA:5,2
LF:1
LH:1
BRDA:8,0,0,1
BRDA:8,0,1,1
BRF:2
BRH:2
end_of_record
TN:
SF:D:\hackathon\eyeota-coding-project-ui\app\component\TableHeader.jsx
FN:5,(anonymous_0)
FN:11,(anonymous_1)
FNF:2
FNH:2
FNDA:1,(anonymous_0)
FNDA:2,(anonymous_1)
DA:7,1
DA:12,2
DA:16,2
LF:3
LH:3
BRDA:12,0,0,1
BRDA:12,0,1,1
BRDA:12,1,0,2
BRDA:12,1,1,2
BRDA:12,1,2,2
BRF:5
BRH:5
end_of_record
TN:
SF:D:\hackathon\eyeota-coding-project-ui\app\component\TableHeaderCell.jsx
FN:4,(anonymous_0)
FN:19,(anonymous_1)
FNF:2
FNH:2
FNDA:9,(anonymous_0)
FNDA:3,(anonymous_1)
DA:5,9
DA:6,9
DA:7,9
DA:9,9
DA:10,0
DA:13,9
DA:14,7
DA:18,7
DA:19,3
DA:20,3
DA:24,3
DA:29,9
LF:12
LH:11
BRDA:9,0,0,0
BRDA:9,0,1,9
BRDA:13,1,0,7
BRDA:13,1,1,2
BRDA:14,2,0,4
BRDA:14,2,1,3
BRDA:15,3,0,2
BRDA:15,3,1,2
BRDA:18,4,0,3
BRDA:18,4,1,4
BRDA:20,5,0,1
BRDA:20,5,1,2
BRDA:22,6,0,1
BRDA:22,6,1,1
BRF:14
BRH:13
end_of_record
TN:
SF:D:\hackathon\eyeota-coding-project-ui\app\component\TableRow.jsx
FN:5,(anonymous_0)
FN:9,(anonymous_1)
FNF:2
FNH:2
FNDA:1,(anonymous_0)
FNDA:2,(anonymous_1)
DA:6,1
DA:10,2
LF:2
LH:2
BRF:0
BRH:0
end_of_record
